TN:
SF:src/app.ts
FNF:0
FNH:0
DA:1,1
DA:2,1
DA:3,1
DA:5,1
DA:6,1
DA:8,1
DA:10,1
DA:12,1
DA:14,1
LF:9
LH:9
BRF:0
BRH:0
end_of_record
TN:
SF:src/config/database.ts
FNF:0
FNH:0
DA:1,1
DA:3,1
DA:9,1
LF:3
LH:3
BRF:0
BRH:0
end_of_record
TN:
SF:src/controllers/authController.ts
FN:6,(anonymous_8)
FN:6,(anonymous_9)
FN:30,(anonymous_10)
FN:30,(anonymous_11)
FN:64,(anonymous_12)
FNF:5
FNH:0
FNDA:0,(anonymous_8)
FNDA:0,(anonymous_9)
FNDA:0,(anonymous_10)
FNDA:0,(anonymous_11)
FNDA:0,(anonymous_12)
DA:1,1
DA:2,1
DA:4,1
DA:6,1
DA:7,0
DA:8,0
DA:10,0
DA:11,0
DA:12,0
DA:15,0
DA:17,0
DA:19,0
DA:26,0
DA:30,1
DA:31,0
DA:32,0
DA:34,0
DA:35,0
DA:36,0
DA:39,0
DA:40,0
DA:41,0
DA:44,0
DA:50,0
DA:60,0
DA:64,1
DA:65,0
LF:27
LH:6
BRDA:11,0,0,0
BRDA:35,1,0,0
BRDA:40,2,0,0
BRDA:46,3,0,0
BRDA:46,3,1,0
BRDA:46,4,0,0
BRDA:46,4,1,0
BRF:7
BRH:0
end_of_record
TN:
SF:src/middlewares/authMiddleware.ts
FN:10,(anonymous_1)
FN:25,(anonymous_2)
FNF:2
FNH:2
FNDA:3,(anonymous_1)
FNDA:4,(anonymous_2)
DA:2,2
DA:3,2
DA:5,2
DA:7,2
DA:8,2
DA:10,2
DA:11,3
DA:12,0
DA:15,3
DA:20,3
DA:22,3
DA:25,2
DA:30,4
DA:32,4
DA:33,1
DA:34,1
DA:37,3
DA:39,3
DA:40,3
DA:45,2
DA:46,1
DA:49,1
DA:50,1
DA:52,2
DA:53,2
LF:25
LH:24
BRDA:7,0,0,2
BRDA:7,0,1,0
BRDA:7,1,0,2
BRDA:7,1,1,2
BRDA:11,2,0,0
BRDA:11,3,0,3
BRDA:11,3,1,3
BRDA:11,4,0,0
BRDA:11,4,1,3
BRDA:11,5,0,3
BRDA:11,5,1,3
BRDA:11,6,0,0
BRDA:11,6,1,3
BRDA:11,7,0,3
BRDA:11,7,1,3
BRDA:32,8,0,1
BRDA:32,9,0,1
BRDA:32,9,1,3
BRDA:32,10,0,4
BRDA:32,10,1,4
BRDA:42,11,0,3
BRDA:42,11,1,0
BRDA:42,12,0,3
BRDA:42,12,1,3
BRDA:45,13,0,1
BRDA:45,14,0,2
BRDA:45,14,1,2
BRDA:45,14,2,2
BRF:28
BRH:23
end_of_record
TN:
SF:src/middlewares/errorHandler.ts
FN:3,(anonymous_0)
FNF:1
FNH:0
FNDA:0,(anonymous_0)
DA:3,1
DA:9,0
DA:10,0
DA:11,0
LF:4
LH:1
BRDA:9,0,0,0
BRDA:9,0,1,0
BRDA:10,1,0,0
BRDA:10,1,1,0
BRF:4
BRH:0
end_of_record
TN:
SF:src/models/userModel.ts
FNF:0
FNH:0
DA:1,1
DA:2,1
DA:12,1
DA:32,1
LF:4
LH:4
BRF:0
BRH:0
end_of_record
TN:
SF:src/routes/authRoutes.ts
FNF:0
FNH:0
DA:1,1
DA:2,1
DA:3,1
DA:4,1
DA:5,1
DA:7,1
DA:9,1
DA:10,1
DA:11,1
DA:13,1
LF:10
LH:10
BRF:0
BRH:0
end_of_record
TN:
SF:src/utils/asyncHandler.ts
FN:9,(anonymous_0)
FN:10,(anonymous_1)
FNF:2
FNH:1
FNDA:2,(anonymous_0)
FNDA:0,(anonymous_1)
DA:9,1
DA:10,2
DA:11,0
DA:15,1
LF:4
LH:3
BRF:0
BRH:0
end_of_record
TN:
SF:src/validators/authValidator.ts
FN:3,(anonymous_1)
FN:19,(anonymous_2)
FN:26,(anonymous_3)
FN:41,(anonymous_4)
FNF:4
FNH:0
FNDA:0,(anonymous_1)
FNDA:0,(anonymous_2)
FNDA:0,(anonymous_3)
FNDA:0,(anonymous_4)
DA:1,1
DA:3,1
DA:4,0
DA:15,0
DA:17,0
DA:18,0
DA:19,0
DA:23,0
DA:26,1
DA:27,0
DA:37,0
DA:39,0
DA:40,0
DA:41,0
DA:45,0
LF:15
LH:3
BRDA:17,0,0,0
BRDA:39,1,0,0
BRF:2
BRH:0
end_of_record
