TN:
SF:src/controllers/candidateController.ts
FN:7,(anonymous_8)
FN:7,(anonymous_9)
FN:14,(anonymous_10)
FN:14,(anonymous_11)
FN:30,(anonymous_12)
FN:30,(anonymous_13)
FN:72,(anonymous_14)
FN:72,(anonymous_15)
FN:82,(anonymous_16)
FN:82,(anonymous_17)
FNF:10
FNH:10
FNDA:1,(anonymous_8)
FNDA:1,(anonymous_9)
FNDA:2,(anonymous_10)
FNDA:2,(anonymous_11)
FNDA:1,(anonymous_12)
FNDA:1,(anonymous_13)
FNDA:2,(anonymous_14)
FNDA:2,(anonymous_15)
FNDA:1,(anonymous_16)
FNDA:1,(anonymous_17)
DA:2,1
DA:3,1
DA:4,1
DA:6,1
DA:7,1
DA:8,1
DA:9,1
DA:13,1
DA:14,2
DA:15,2
DA:16,2
DA:18,2
DA:19,1
DA:22,1
DA:25,1
DA:29,1
DA:30,1
DA:31,1
DA:40,1
DA:42,1
DA:44,1
DA:45,1
DA:48,1
DA:51,0
DA:64,0
DA:71,1
DA:72,2
DA:73,2
DA:74,2
DA:75,1
DA:81,1
DA:82,1
DA:83,1
DA:84,1
LF:34
LH:32
BRDA:18,0,0,1
BRDA:44,1,0,1
BRF:2
BRH:2
end_of_record
TN:
SF:src/controllers/courtSearchController.ts
FN:7,(anonymous_8)
FN:7,(anonymous_9)
FN:19,(anonymous_10)
FN:19,(anonymous_11)
FN:39,(anonymous_12)
FN:39,(anonymous_13)
FN:47,(anonymous_14)
FN:47,(anonymous_15)
FN:55,(anonymous_16)
FN:55,(anonymous_17)
FN:69,(anonymous_18)
FN:69,(anonymous_19)
FNF:12
FNH:12
FNDA:1,(anonymous_8)
FNDA:1,(anonymous_9)
FNDA:2,(anonymous_10)
FNDA:2,(anonymous_11)
FNDA:1,(anonymous_12)
FNDA:1,(anonymous_13)
FNDA:1,(anonymous_14)
FNDA:1,(anonymous_15)
FNDA:1,(anonymous_16)
FNDA:1,(anonymous_17)
FNDA:1,(anonymous_18)
FNDA:1,(anonymous_19)
DA:2,1
DA:3,1
DA:4,1
DA:6,1
DA:7,1
DA:8,1
DA:9,1
DA:10,1
DA:14,1
DA:18,1
DA:19,2
DA:20,2
DA:21,2
DA:25,2
DA:26,1
DA:29,1
DA:32,1
DA:33,1
DA:38,1
DA:39,1
DA:40,1
DA:41,1
DA:42,1
DA:46,1
DA:47,1
DA:48,1
DA:49,1
DA:50,1
DA:54,1
DA:55,1
DA:56,1
DA:57,1
DA:59,1
DA:64,1
DA:68,1
DA:69,1
DA:70,1
DA:71,1
DA:73,1
LF:39
LH:39
BRDA:21,0,0,1
BRDA:21,0,1,1
BRDA:25,1,0,1
BRDA:25,1,1,1
BRF:4
BRH:4
end_of_record
TN:
SF:src/controllers/reportController.ts
FN:8,(anonymous_8)
FN:8,(anonymous_9)
FN:17,(anonymous_10)
FN:17,(anonymous_11)
FN:32,(anonymous_12)
FN:32,(anonymous_13)
FN:48,(anonymous_14)
FN:48,(anonymous_15)
FN:59,(anonymous_16)
FN:59,(anonymous_17)
FNF:10
FNH:10
FNDA:1,(anonymous_8)
FNDA:1,(anonymous_9)
FNDA:2,(anonymous_10)
FNDA:2,(anonymous_11)
FNDA:2,(anonymous_12)
FNDA:2,(anonymous_13)
FNDA:1,(anonymous_14)
FNDA:1,(anonymous_15)
FNDA:2,(anonymous_16)
FNDA:2,(anonymous_17)
DA:2,1
DA:3,1
DA:4,1
DA:5,1
DA:7,1
DA:8,1
DA:9,1
DA:10,1
DA:11,1
DA:12,1
DA:16,1
DA:17,2
DA:18,2
DA:19,2
DA:21,2
DA:22,1
DA:27,1
DA:31,1
DA:32,2
DA:33,2
DA:34,2
DA:35,2
DA:37,2
DA:38,1
DA:43,1
DA:47,1
DA:48,1
DA:49,1
DA:50,1
DA:52,1
DA:58,1
DA:59,2
DA:60,2
DA:61,2
DA:63,2
DA:64,1
DA:69,1
LF:37
LH:37
BRDA:21,0,0,1
BRDA:37,1,0,1
BRDA:63,2,0,1
BRF:3
BRH:3
end_of_record
TN:
SF:src/middlewares/authMiddleware.ts
FN:13,(anonymous_1)
FNF:1
FNH:1
FNDA:4,(anonymous_1)
DA:2,1
DA:3,1
DA:4,1
DA:6,1
DA:8,1
DA:9,1
DA:10,0
DA:13,1
DA:18,4
DA:20,4
DA:21,1
DA:24,1
DA:27,3
DA:29,3
DA:30,3
DA:32,3
DA:33,2
DA:36,1
DA:37,1
DA:39,2
DA:40,2
LF:21
LH:20
BRDA:9,0,0,0
BRDA:20,1,0,1
BRDA:20,2,0,1
BRDA:20,2,1,3
BRDA:20,3,0,4
BRDA:20,3,1,4
BRDA:32,4,0,2
BRF:7
BRH:6
end_of_record
TN:
SF:src/middlewares/errorHandler.ts
FN:4,(anonymous_0)
FNF:1
FNH:1
FNDA:3,(anonymous_0)
DA:2,1
DA:4,1
DA:10,3
DA:11,3
DA:12,3
LF:5
LH:5
BRDA:10,0,0,3
BRDA:10,0,1,2
BRDA:11,1,0,3
BRDA:11,1,1,0
BRF:4
BRH:3
end_of_record
TN:
SF:src/services/authService.ts
FN:8,(anonymous_8)
FN:27,(anonymous_10)
FNF:2
FNH:2
FNDA:6,(anonymous_8)
FNDA:6,(anonymous_10)
DA:1,2
DA:2,2
DA:3,2
DA:4,2
DA:5,2
DA:9,6
DA:10,5
DA:11,2
DA:17,3
DA:18,2
DA:19,2
DA:28,6
DA:29,6
DA:30,3
DA:36,3
DA:37,3
DA:38,1
DA:44,2
DA:46,2
DA:58,2
LF:20
LH:20
BRDA:10,0,0,2
BRDA:29,1,0,3
BRDA:37,2,0,1
BRF:3
BRH:3
end_of_record
TN:
SF:src/services/candidateService.ts
FN:8,(anonymous_8)
FN:29,(anonymous_10)
FN:50,(anonymous_12)
FN:61,(anonymous_14)
FN:75,(anonymous_16)
FNF:5
FNH:5
FNDA:2,(anonymous_8)
FNDA:2,(anonymous_10)
FNDA:2,(anonymous_12)
FNDA:2,(anonymous_14)
FNDA:3,(anonymous_16)
DA:1,1
DA:2,1
DA:3,1
DA:4,1
DA:5,1
DA:17,2
DA:21,2
DA:22,1
DA:25,1
DA:26,1
DA:30,2
DA:43,2
DA:44,1
DA:47,1
DA:51,2
DA:52,2
DA:55,1
DA:57,1
DA:62,2
DA:63,2
DA:64,2
DA:65,1
DA:68,1
DA:69,1
DA:71,1
DA:76,3
DA:77,3
DA:78,3
DA:79,1
DA:83,2
DA:84,2
DA:87,2
DA:89,2
DA:97,1
LF:34
LH:34
BRDA:21,0,0,1
BRDA:43,1,0,1
BRDA:64,2,0,1
BRDA:71,3,0,1
BRDA:71,3,1,0
BRDA:78,4,0,1
BRDA:90,5,0,2
BRDA:90,5,1,0
BRF:8
BRH:6
end_of_record
TN:
SF:src/services/courtSearchService.ts
FN:7,(anonymous_8)
FN:20,(anonymous_10)
FN:25,(anonymous_12)
FN:38,(anonymous_14)
FN:54,(anonymous_16)
FNF:5
FNH:5
FNDA:2,(anonymous_8)
FNDA:1,(anonymous_10)
FNDA:2,(anonymous_12)
FNDA:2,(anonymous_14)
FNDA:2,(anonymous_16)
DA:1,1
DA:2,1
DA:3,1
DA:4,1
DA:8,2
DA:9,2
DA:10,1
DA:16,1
DA:17,1
DA:21,1
DA:22,1
DA:26,2
DA:28,2
DA:29,1
DA:35,1
DA:39,2
DA:41,2
DA:42,1
DA:48,1
DA:49,1
DA:51,1
DA:55,2
DA:57,2
DA:58,1
DA:64,1
DA:68,1
LF:26
LH:26
BRDA:9,0,0,1
BRDA:28,1,0,1
BRDA:41,2,0,1
BRDA:57,3,0,1
BRF:4
BRH:4
end_of_record
TN:
SF:src/services/reportService.ts
FN:7,(anonymous_8)
FN:28,(anonymous_10)
FN:39,(anonymous_12)
FN:51,(anonymous_14)
FN:62,(anonymous_16)
FNF:5
FNH:5
FNDA:3,(anonymous_8)
FNDA:2,(anonymous_10)
FNDA:2,(anonymous_12)
FNDA:2,(anonymous_14)
FNDA:2,(anonymous_16)
DA:1,1
DA:2,1
DA:3,1
DA:4,1
DA:8,3
DA:9,3
DA:10,1
DA:16,2
DA:17,2
DA:18,1
DA:24,1
DA:25,1
DA:29,2
DA:30,2
DA:31,1
DA:36,1
DA:40,2
DA:41,2
DA:42,1
DA:47,1
DA:48,1
DA:52,2
DA:53,2
DA:54,1
DA:59,1
DA:63,2
DA:64,2
DA:65,1
DA:70,1
DA:74,1
LF:30
LH:30
BRDA:9,0,0,1
BRDA:17,1,0,1
BRDA:30,2,0,1
BRDA:41,3,0,1
BRDA:53,4,0,1
BRDA:64,5,0,1
BRF:6
BRH:6
end_of_record
TN:
SF:src/utils/asyncHandler.ts
FN:9,(anonymous_0)
FN:10,(anonymous_1)
FNF:2
FNH:2
FNDA:16,(anonymous_0)
FNDA:22,(anonymous_1)
DA:9,3
DA:10,16
DA:11,22
DA:15,3
LF:4
LH:4
BRF:0
BRH:0
end_of_record
TN:
SF:src/utils/constants.ts
FN:9,(anonymous_0)
FNF:1
FNH:0
FNDA:0,(anonymous_0)
DA:1,10
DA:9,0
DA:35,10
DA:46,10
DA:54,10
DA:62,10
LF:6
LH:5
BRF:0
BRH:0
end_of_record
TN:
SF:src/utils/errorUtil.ts
FN:4,(anonymous_0)
FN:12,(anonymous_1)
FNF:2
FNH:2
FNDA:41,(anonymous_0)
FNDA:12,(anonymous_1)
DA:1,7
DA:5,41
DA:6,41
DA:7,41
DA:8,41
DA:12,7
DA:16,12
LF:7
LH:7
BRF:0
BRH:0
end_of_record
TN:
SF:src/utils/jwtUtils.ts
FN:17,(anonymous_1)
FN:35,(anonymous_2)
FNF:2
FNH:2
FNDA:6,(anonymous_1)
FNDA:8,(anonymous_2)
DA:1,4
DA:2,4
DA:3,4
DA:5,4
DA:7,4
DA:8,4
DA:9,0
DA:12,4
DA:13,4
DA:14,0
DA:17,4
DA:18,6
DA:19,1
DA:22,5
DA:27,5
DA:28,5
DA:29,4
DA:31,1
DA:35,4
DA:38,8
DA:39,1
DA:40,1
DA:43,7
DA:44,7
DA:49,2
DA:51,5
DA:52,5
LF:27
LH:25
BRDA:8,0,0,0
BRDA:13,1,0,0
BRDA:18,2,0,1
BRDA:18,3,0,6
BRDA:18,3,1,6
BRDA:38,4,0,1
BRF:6
BRH:4
end_of_record
TN:
SF:src/utils/reportValidationConstants.ts
FNF:0
FNH:0
DA:1,1
DA:31,1
LF:2
LH:2
BRF:0
BRH:0
end_of_record
